[2026-03-09 22:22:35Z INFO HostContext] No proxy settings were found based on environmental variables (http_proxy/https_proxy/HTTP_PROXY/HTTPS_PROXY)
[2026-03-09 22:22:35Z INFO HostContext] Well known directory 'Bin': 'C:\UFF\TCC\actions-runner\bin'
[2026-03-09 22:22:35Z INFO HostContext] Well known directory 'Root': 'C:\UFF\TCC\actions-runner'
[2026-03-09 22:22:35Z INFO HostContext] Well known config file 'Credentials': 'C:\UFF\TCC\actions-runner\.credentials'
[2026-03-09 22:22:35Z INFO HostContext] Well known directory 'Bin': 'C:\UFF\TCC\actions-runner\bin'
[2026-03-09 22:22:35Z INFO HostContext] Well known directory 'Root': 'C:\UFF\TCC\actions-runner'
[2026-03-09 22:22:35Z INFO HostContext] Well known config file 'Runner': 'C:\UFF\TCC\actions-runner\.runner'
[2026-03-09 22:22:35Z INFO Listener] Runner is built for Windows (X64) - win-x64.
[2026-03-09 22:22:35Z INFO Listener] RuntimeInformation: Microsoft Windows 10.0.26200.
[2026-03-09 22:22:35Z INFO Listener] Version: 2.332.0
[2026-03-09 22:22:35Z INFO Listener] Commit: a153d802ff96c51ac1b8d72dd8a38ebe830398fc
[2026-03-09 22:22:35Z INFO Listener] Culture: pt-BR
[2026-03-09 22:22:35Z INFO Listener] UI Culture: pt-BR
[2026-03-09 22:22:35Z INFO HostContext] Well known directory 'Bin': 'C:\UFF\TCC\actions-runner\bin'
[2026-03-09 22:22:35Z INFO HostContext] Well known directory 'Root': 'C:\UFF\TCC\actions-runner'
[2026-03-09 22:22:35Z INFO Listener] Validating directory permissions for: 'C:\UFF\TCC\actions-runner'
[2026-03-09 22:22:35Z INFO CommandLineParser] Parse
[2026-03-09 22:22:35Z INFO CommandLineParser] Parsing 5 args
[2026-03-09 22:22:35Z INFO CommandLineParser] parsing argument
[2026-03-09 22:22:35Z INFO CommandLineParser] HasArgs: False
[2026-03-09 22:22:35Z INFO CommandLineParser] Adding Command: configure
[2026-03-09 22:22:35Z INFO CommandLineParser] parsing argument
[2026-03-09 22:22:35Z INFO CommandLineParser] HasArgs: True
[2026-03-09 22:22:35Z INFO CommandLineParser] arg: url
[2026-03-09 22:22:35Z INFO CommandLineParser] parsing argument
[2026-03-09 22:22:35Z INFO CommandLineParser] HasArgs: True
[2026-03-09 22:22:35Z INFO CommandLineParser] Adding option 'url': 'https://github.com/izabel-souza/tcc'
[2026-03-09 22:22:35Z INFO CommandLineParser] parsing argument
[2026-03-09 22:22:35Z INFO CommandLineParser] HasArgs: True
[2026-03-09 22:22:35Z INFO CommandLineParser] arg: token
[2026-03-09 22:22:35Z INFO CommandLineParser] parsing argument
[2026-03-09 22:22:35Z INFO CommandLineParser] HasArgs: True
[2026-03-09 22:22:35Z INFO CommandLineParser] Adding option 'token': '***'
[2026-03-09 22:22:35Z INFO Listener] Arguments parsed
[2026-03-09 22:22:35Z INFO Runner] ExecuteCommand
[2026-03-09 22:22:35Z INFO ConfigurationStore] currentAssemblyLocation: C:\UFF\TCC\actions-runner\bin\Runner.Listener.dll
[2026-03-09 22:22:35Z INFO HostContext] Well known directory 'Bin': 'C:\UFF\TCC\actions-runner\bin'
[2026-03-09 22:22:35Z INFO ConfigurationStore] binPath: C:\UFF\TCC\actions-runner\bin
[2026-03-09 22:22:35Z INFO HostContext] Well known directory 'Bin': 'C:\UFF\TCC\actions-runner\bin'
[2026-03-09 22:22:35Z INFO HostContext] Well known directory 'Root': 'C:\UFF\TCC\actions-runner'
[2026-03-09 22:22:35Z INFO ConfigurationStore] RootFolder: C:\UFF\TCC\actions-runner
[2026-03-09 22:22:35Z INFO HostContext] Well known directory 'Bin': 'C:\UFF\TCC\actions-runner\bin'
[2026-03-09 22:22:35Z INFO HostContext] Well known directory 'Root': 'C:\UFF\TCC\actions-runner'
[2026-03-09 22:22:35Z INFO HostContext] Well known config file 'Runner': 'C:\UFF\TCC\actions-runner\.runner'
[2026-03-09 22:22:35Z INFO ConfigurationStore] ConfigFilePath: C:\UFF\TCC\actions-runner\.runner
[2026-03-09 22:22:35Z INFO HostContext] Well known directory 'Bin': 'C:\UFF\TCC\actions-runner\bin'
[2026-03-09 22:22:35Z INFO HostContext] Well known directory 'Root': 'C:\UFF\TCC\actions-runner'
[2026-03-09 22:22:35Z INFO HostContext] Well known config file 'MigratedRunner': 'C:\UFF\TCC\actions-runner\.runner_migrated'
[2026-03-09 22:22:35Z INFO ConfigurationStore] MigratedConfigFilePath: C:\UFF\TCC\actions-runner\.runner_migrated
[2026-03-09 22:22:35Z INFO HostContext] Well known directory 'Bin': 'C:\UFF\TCC\actions-runner\bin'
[2026-03-09 22:22:35Z INFO HostContext] Well known directory 'Root': 'C:\UFF\TCC\actions-runner'
[2026-03-09 22:22:35Z INFO HostContext] Well known config file 'Credentials': 'C:\UFF\TCC\actions-runner\.credentials'
[2026-03-09 22:22:35Z INFO ConfigurationStore] CredFilePath: C:\UFF\TCC\actions-runner\.credentials
[2026-03-09 22:22:35Z INFO HostContext] Well known directory 'Bin': 'C:\UFF\TCC\actions-runner\bin'
[2026-03-09 22:22:35Z INFO HostContext] Well known directory 'Root': 'C:\UFF\TCC\actions-runner'
[2026-03-09 22:22:35Z INFO HostContext] Well known config file 'MigratedCredentials': 'C:\UFF\TCC\actions-runner\.credentials_migrated'
[2026-03-09 22:22:35Z INFO ConfigurationStore] MigratedCredFilePath: C:\UFF\TCC\actions-runner\.credentials_migrated
[2026-03-09 22:22:35Z INFO HostContext] Well known directory 'Bin': 'C:\UFF\TCC\actions-runner\bin'
[2026-03-09 22:22:35Z INFO HostContext] Well known directory 'Root': 'C:\UFF\TCC\actions-runner'
[2026-03-09 22:22:35Z INFO HostContext] Well known config file 'Service': 'C:\UFF\TCC\actions-runner\.service'
[2026-03-09 22:22:35Z INFO ConfigurationStore] ServiceConfigFilePath: C:\UFF\TCC\actions-runner\.service
[2026-03-09 22:22:35Z INFO CommandSettings] Flag 'help': 'False'
[2026-03-09 22:22:35Z INFO CommandSettings] Flag 'version': 'False'
[2026-03-09 22:22:35Z INFO CommandSettings] Flag 'commit': 'False'
[2026-03-09 22:22:35Z INFO CommandSettings] Flag 'check': 'False'
[2026-03-09 22:22:35Z INFO CommandSettings] Command 'configure': 'True'
[2026-03-09 22:22:35Z INFO Terminal] WRITE LINE: 
[2026-03-09 22:22:35Z INFO Terminal] WRITE LINE: --------------------------------------------------------------------------------
[2026-03-09 22:22:35Z INFO Terminal] WRITE LINE: |        ____ _ _   _   _       _          _        _   _                      |
[2026-03-09 22:22:35Z INFO Terminal] WRITE LINE: |       / ___(_) |_| | | |_   _| |__      / \   ___| |_(_) ___  _ __  ___      |
[2026-03-09 22:22:35Z INFO Terminal] WRITE LINE: |      | |  _| | __| |_| | | | | '_ \    / _ \ / __| __| |/ _ \| '_ \/ __|     |
[2026-03-09 22:22:35Z INFO Terminal] WRITE LINE: |      | |_| | | |_|  _  | |_| | |_) |  / ___ \ (__| |_| | (_) | | | \__ \     |
[2026-03-09 22:22:35Z INFO Terminal] WRITE LINE: |       \____|_|\__|_| |_|\__,_|_.__/  /_/   \_\___|\__|_|\___/|_| |_|___/     |
[2026-03-09 22:22:35Z INFO Terminal] WRITE LINE: |                                                                              |
[2026-03-09 22:22:35Z INFO Terminal] WRITE: |                       
[2026-03-09 22:22:35Z INFO Terminal] WRITE: Self-hosted runner registration
[2026-03-09 22:22:35Z INFO Terminal] WRITE LINE:                         |
[2026-03-09 22:22:35Z INFO Terminal] WRITE LINE: |                                                                              |
[2026-03-09 22:22:35Z INFO Terminal] WRITE LINE: --------------------------------------------------------------------------------
[2026-03-09 22:22:35Z INFO ConfigurationManager] ConfigureAsync
[2026-03-09 22:22:35Z INFO CommandSettings] Flag 'generateServiceConfig': 'False'
[2026-03-09 22:22:35Z INFO ConfigurationStore] IsConfigured()
[2026-03-09 22:22:35Z INFO ConfigurationStore] IsConfigured: False
[2026-03-09 22:22:35Z INFO ConfigurationManager] Is configured: False
[2026-03-09 22:22:35Z INFO CommandSettings] Arg 'url': 'https://github.com/izabel-souza/tcc'
[2026-03-09 22:22:35Z INFO CommandSettings] Remove url from Arg dictionary.
[2026-03-09 22:22:35Z INFO CommandSettings] Arg 'token': '***'
[2026-03-09 22:22:35Z INFO CommandSettings] Remove token from Arg dictionary.
[2026-03-09 22:22:36Z INFO ConfigurationManager] Http response code: OK from 'POST https://api.github.com/actions/runner-registration' (BEFA:1653CA:3A7B14:3F9E5C:69AF47E1)
[2026-03-09 22:22:36Z INFO ConfigurationManager] Using runner-admin flow: False
[2026-03-09 22:22:36Z INFO ConfigurationManager] cred retrieved via GitHub auth
[2026-03-09 22:22:36Z INFO RunnerServer] EstablishVssConnection
[2026-03-09 22:22:36Z INFO RunnerServer] Establish connection with 100 seconds timeout.
[2026-03-09 22:22:36Z INFO GitHubActionsService] Starting operation Location.GetConnectionData
[2026-03-09 22:22:36Z INFO RunnerServer] EstablishVssConnection
[2026-03-09 22:22:36Z INFO RunnerServer] Establish connection with 60 seconds timeout.
[2026-03-09 22:22:36Z INFO GitHubActionsService] Starting operation Location.GetConnectionData
[2026-03-09 22:22:36Z INFO RunnerServer] EstablishVssConnection
[2026-03-09 22:22:36Z INFO RunnerServer] Establish connection with 60 seconds timeout.
[2026-03-09 22:22:36Z INFO GitHubActionsService] Starting operation Location.GetConnectionData
[2026-03-09 22:22:37Z INFO GitHubActionsService] Finished operation Location.GetConnectionData
[2026-03-09 22:22:37Z INFO GitHubActionsService] Finished operation Location.GetConnectionData
[2026-03-09 22:22:37Z INFO GitHubActionsService] Finished operation Location.GetConnectionData
[2026-03-09 22:22:37Z INFO Terminal] WRITE LINE: 
[2026-03-09 22:22:37Z INFO ConfigurationManager] Test Connection complete.
[2026-03-09 22:22:37Z INFO HostContext] Well known directory 'Bin': 'C:\UFF\TCC\actions-runner\bin'
[2026-03-09 22:22:37Z INFO HostContext] Well known directory 'Root': 'C:\UFF\TCC\actions-runner'
[2026-03-09 22:22:37Z INFO HostContext] Well known config file 'RSACredentials': 'C:\UFF\TCC\actions-runner\.credentials_rsaparams'
[2026-03-09 22:22:37Z INFO RSAEncryptedFileKeyManager] Found existing RSA key parameters file C:\UFF\TCC\actions-runner\.credentials_rsaparams
[2026-03-09 22:22:37Z INFO CommandSettings] Arg 'runnergroup': ''
[2026-03-09 22:22:37Z INFO CommandSettings] Flag 'unattended': 'False'
[2026-03-09 22:22:37Z INFO PromptManager] ReadValue
[2026-03-09 22:22:37Z INFO Terminal] WRITE: Enter the name of the runner group to add this runner to: 
[2026-03-09 22:22:37Z INFO Terminal] WRITE: [press Enter for Default] 
[2026-03-09 22:22:37Z INFO Terminal] READ LINE
[2026-03-09 22:22:38Z INFO Terminal] Read value: ''
[2026-03-09 22:22:38Z INFO PromptManager] Falling back to the default: 'Default'
[2026-03-09 22:22:38Z INFO Terminal] WRITE LINE: 
[2026-03-09 22:22:38Z INFO ConfigurationManager] Found a self-hosted runner group with id 1 and name Default
[2026-03-09 22:22:38Z INFO CommandSettings] Flag 'disableupdate': 'False'
[2026-03-09 22:22:38Z INFO CommandSettings] Flag 'ephemeral': 'False'
[2026-03-09 22:22:38Z INFO CommandSettings] Arg 'name': ''
[2026-03-09 22:22:38Z INFO CommandSettings] Flag 'unattended': 'False'
[2026-03-09 22:22:38Z INFO PromptManager] ReadValue
[2026-03-09 22:22:38Z INFO Terminal] WRITE: Enter the name of runner: 
[2026-03-09 22:22:38Z INFO Terminal] WRITE: [press Enter for IZABEL] 
[2026-03-09 22:22:38Z INFO Terminal] READ LINE
[2026-03-09 22:22:40Z INFO Terminal] Read value: 'TCC'
[2026-03-09 22:22:40Z INFO Terminal] WRITE LINE: 
[2026-03-09 22:22:40Z INFO CommandSettings] Arg 'labels': ''
[2026-03-09 22:22:40Z INFO CommandSettings] Flag 'unattended': 'False'
[2026-03-09 22:22:40Z INFO PromptManager] ReadValue
[2026-03-09 22:22:40Z INFO Terminal] WRITE: This runner will have the following labels: 'self-hosted', 'Windows', 'X64' 
Enter any additional labels (ex. label-1,label-2): 
[2026-03-09 22:22:40Z INFO Terminal] WRITE: [press Enter to skip] 
[2026-03-09 22:22:40Z INFO Terminal] READ LINE
[2026-03-09 22:22:47Z INFO Terminal] Read value: ''
[2026-03-09 22:22:47Z INFO Terminal] WRITE LINE: 
[2026-03-09 22:22:47Z INFO CommandSettings] Flag 'disableupdate': 'False'
[2026-03-09 22:22:47Z INFO CommandSettings] Flag 'no-default-labels': 'False'
[2026-03-09 22:22:47Z INFO CommandSettings] Flag 'disableupdate': 'False'
[2026-03-09 22:22:47Z INFO CommandSettings] Flag 'ephemeral': 'False'
[2026-03-09 22:22:47Z INFO ConfigurationStore] Saving OAuth credential @ C:\UFF\TCC\actions-runner\.credentials
[2026-03-09 22:22:47Z INFO ConfigurationStore] Credentials Saved.
[2026-03-09 22:22:47Z INFO ConfigurationManager] Service enforced serverUrlV2: https://broker.actions.githubusercontent.com/
[2026-03-09 22:22:47Z INFO ConfigurationManager] Service enforced useV2Flow: True
[2026-03-09 22:22:47Z INFO CommandSettings] Arg 'work': ''
[2026-03-09 22:22:47Z INFO CommandSettings] Flag 'unattended': 'False'
[2026-03-09 22:22:47Z INFO PromptManager] ReadValue
[2026-03-09 22:22:47Z INFO Terminal] WRITE: Enter name of work folder: 
[2026-03-09 22:22:47Z INFO Terminal] WRITE: [press Enter for _work] 
[2026-03-09 22:22:47Z INFO Terminal] READ LINE
[2026-03-09 22:23:20Z INFO Terminal] Read value: ''
[2026-03-09 22:23:20Z INFO PromptManager] Falling back to the default: '_work'
[2026-03-09 22:23:20Z INFO ConfigurationStore] Saving runner settings.
[2026-03-09 22:23:20Z INFO ConfigurationStore] Settings Saved.
[2026-03-09 22:23:20Z INFO Terminal] WRITE LINE: 
[2026-03-09 22:23:20Z INFO Terminal] WRITE LINE: 
[2026-03-09 22:23:20Z INFO CommandSettings] Flag 'runasservice': 'False'
[2026-03-09 22:23:20Z INFO CommandSettings] Flag 'unattended': 'False'
[2026-03-09 22:23:20Z INFO PromptManager] ReadValue
[2026-03-09 22:23:20Z INFO Terminal] WRITE: Would you like to run the runner as service? (Y/N) 
[2026-03-09 22:23:20Z INFO Terminal] WRITE: [press Enter for N] 
[2026-03-09 22:23:20Z INFO Terminal] READ LINE
[2026-03-09 22:23:25Z INFO Terminal] Read value: 'n'
[2026-03-09 22:23:25Z INFO Listener] Runner execution has finished with return code 0
